<component name="libraryTable">
  <library name="junit-4.12">
    <CLASSES>
      <root url="jar://$PROJECT_DIR$/lib/junit-4.12.jar!/" />
      <root url="jar://$PROJECT_DIR$/lib/jfoenix-9.0.6.jar!/" />
      <root url="jar://$PROJECT_DIR$/lib/sqljdbc4.jar!/" />
      <root url="jar://$PROJECT_DIR$/lib/poi-ooxml-schemas-4.0.0.jar!/" />
      <root url="jar://$PROJECT_DIR$/lib/poi-4.0.0.jar!/" />
      <root url="jar://$PROJECT_DIR$/lib/poi-ooxml-4.0.0.jar!/" />
      <root url="jar://$PROJECT_DIR$/lib/controlsfx-8.40.11.jar!/" />
    </CLASSES>
    <JAVADOC />
    <SOURCES />
  </library>
</component>